<?xml version="1.0" encoding="UTF-8"?>
<testng-results ignored="0" total="1" passed="1" failed="0" skipped="0">
  <reporter-output>
  </reporter-output>
  <suite started-at="2021-12-01T23:24:27 IST" name="Default suite" finished-at="2021-12-01T23:24:29 IST" duration-ms="2029">
    <groups>
    </groups>
    <test started-at="2021-12-01T23:24:27 IST" name="Default test" finished-at="2021-12-01T23:24:29 IST" duration-ms="2029">
      <class name="RetreiveFromJsonFile">
        <test-method signature="addPlace()[pri:0, instance:RetreiveFromJsonFile@41fecb8b]" started-at="2021-12-01T23:24:27 IST" name="addPlace" finished-at="2021-12-01T23:24:29 IST" duration-ms="2002" status="PASS">
          <reporter-output>
          </reporter-output>
        </test-method> <!-- addPlace -->
      </class> <!-- RetreiveFromJsonFile -->
    </test> <!-- Default test -->
  </suite> <!-- Default suite -->
</testng-results>
